c:\users\faizan shabir\desktop\project\project\x64\debug\vc143.pdb
c:\users\faizan shabir\desktop\project\project\x64\debug\vc143.idb
c:\users\faizan shabir\desktop\project\project\x64\debug\leavefactory.obj
c:\users\faizan shabir\desktop\project\project\x64\debug\leaveapplication.obj
c:\users\faizan shabir\desktop\project\project\x64\debug\personmanager.obj
c:\users\faizan shabir\desktop\project\project\x64\debug\person.obj
c:\users\faizan shabir\desktop\project\project\x64\debug\reportgenerator.obj
c:\users\faizan shabir\desktop\project\project\x64\debug\source.obj
c:\users\faizan shabir\desktop\project\project\x64\debug\state.obj
c:\users\faizan shabir\desktop\project\project\x64\debug\helpingfunctions.obj
c:\users\faizan shabir\desktop\project\project\x64\debug\datahandler.obj
c:\users\faizan shabir\desktop\project\x64\debug\project.exe
c:\users\faizan shabir\desktop\project\project\x64\debug\project.ilk
c:\users\faizan shabir\desktop\project\x64\debug\project.pdb
c:\users\faizan shabir\desktop\project\project\x64\debug\project.tlog\cl.command.1.tlog
c:\users\faizan shabir\desktop\project\project\x64\debug\project.tlog\cl.items.tlog
c:\users\faizan shabir\desktop\project\project\x64\debug\project.tlog\cl.read.1.tlog
c:\users\faizan shabir\desktop\project\project\x64\debug\project.tlog\cl.write.1.tlog
c:\users\faizan shabir\desktop\project\project\x64\debug\project.tlog\link.command.1.tlog
c:\users\faizan shabir\desktop\project\project\x64\debug\project.tlog\link.read.1.tlog
c:\users\faizan shabir\desktop\project\project\x64\debug\project.tlog\link.write.1.tlog
